Arguments: 
  /Users/anonymous/.nvm/versions/node/v14.15.3/bin/node /Users/anonymous/.yarn/bin/yarn.js publish

PATH: 
  /usr/local/opt/ruby/bin:/Users/anonymous/.yarn/bin:/Users/anonymous/.config/yarn/global/node_modules/.bin:/Users/anonymous/.nvm/versions/node/v14.15.3/bin:/usr/local/heroku/bin:/Applications/activator-1.3.6-minimal:/opt/local/bin:/opt/local/sbin:/opt/local/bin:/opt/local/sbin:/usr/local/bin:/usr/bin:/bin:/usr/sbin:/sbin:/Users/anonymous/.rvm/bin

Yarn version: 
  1.22.5

Node version: 
  14.15.3

Platform: 
  darwin x64

Trace: 
  Error: canceled
      at Interface.<anonymous> (/Users/anonymous/.yarn/lib/cli.js:137009:13)
      at Interface.emit (events.js:315:20)
      at Interface._ttyWrite (readline.js:875:16)
      at ReadStream.onkeypress (readline.js:213:10)
      at ReadStream.emit (events.js:315:20)
      at emitKeys (internal/readline/utils.js:345:14)
      at emitKeys.next (<anonymous>)
      at ReadStream.onData (readline.js:1144:36)
      at ReadStream.emit (events.js:315:20)
      at addChunk (internal/streams/readable.js:309:12)

npm manifest: 
  {
    "name": "@styla/quilldto-to-html",
    "version": "1.2.1",
    "main": "QuillDeltaToHtmlConverter.js",
    "repository": "git@github.com:styladev/quill-delta-to-html-parcel.git",
    "author": "(c) 2018. Styla GmbH. All rights reserved.",
    "license": "MIT"
  }

yarn manifest: 
  No manifest

Lockfile: 
  # THIS IS AN AUTOGENERATED FILE. DO NOT EDIT THIS FILE DIRECTLY.
  # yarn lockfile v1
